<?xml version="1.0" encoding="UTF-8"?>
<!-- Generated by org.testng.reporters.JUnitXMLReporter -->
<testsuite ignored="0" hostname="ASUS-VIVOS15" failures="0" tests="3" name="Surefire test" time="8.224" errors="0" timestamp="2023-12-27T14:28:30 IST">
  <testcase classname="APIProject.RestAssured.CurrencyApiTest" name="testCurrencyApi" time="6.203"/>
  <testcase classname="APIProject.RestAssured.CurrencyApiTest" name="testCurrencyApi" time="1.146"/>
  <testcase classname="APIProject.RestAssured.CurrencyApiTest" name="testCurrencyApi" time="0.729"/>
</testsuite> <!-- Surefire test -->
