<?xml version="1.0" encoding="UTF-8"?>
<!-- Generated by org.testng.reporters.JUnitXMLReporter -->
<testsuite ignored="0" hostname="ASUS-VIVOS15" failures="0" tests="3" name="Default test" time="5.028" errors="0" timestamp="2023-12-27T14:28:53 IST">
  <testcase classname="APIProject.RestAssured.CurrencyApiTest" name="testCurrencyApi" time="2.977"/>
  <testcase classname="APIProject.RestAssured.CurrencyApiTest" name="testCurrencyApi" time="1.187"/>
  <testcase classname="APIProject.RestAssured.CurrencyApiTest" name="testCurrencyApi" time="0.81"/>
</testsuite> <!-- Default test -->
