<?xml version="1.0" encoding="UTF-8"?>
<testsuite xmlns:xsi="http://www.w3.org/2001/XMLSchema-instance" xsi:noNamespaceSchemaLocation="https://maven.apache.org/surefire/maven-surefire-plugin/xsd/surefire-test-report-3.0.xsd" version="3.0" name="APIProject.RestAssured.CurrencyApiTest" time="9.229" tests="3" errors="0" skipped="0" failures="0">
  <properties>
[...]
</properties>
  <testcase name="testCurrencyApi[INR, 200, Indian rupee, ₹, Asia](1)" classname="APIProject.RestAssured.CurrencyApiTest" time="6.202">
    <system-err><![CDATA[SLF4J: Failed to load class "org.slf4j.impl.StaticLoggerBinder".
SLF4J: Defaulting to no-operation (NOP) logger implementation
SLF4J: See http://www.slf4j.org/codes.html#StaticLoggerBinder for further details.
]]></system-err>
  </testcase>
  <testcase name="testCurrencyApi[USD, 200, United States dollar, $, Americas](2)" classname="APIProject.RestAssured.CurrencyApiTest" time="1.145"/>
  <testcase name="testCurrencyApi[BZR, 404, Not Found, NA, NA](3)" classname="APIProject.RestAssured.CurrencyApiTest" time="0.73"/>
</testsuite>